<?xml version="1.0" encoding="UTF-8"?>
<!-- Generated by org.testng.reporters.JUnitReportReporter -->
<testsuite hostname="DESKTOP-6TE3S6R" name="com.selenium.cucumber.testng.TestRunner.Runner" tests="1" failures="0" timestamp="30 Jun 2019 08:41:14 GMT" time="0.025" errors="0">
  <testcase name="feature" time="0.025" classname="com.selenium.cucumber.testng.TestRunner.Runner"/>
</testsuite> <!-- com.selenium.cucumber.testng.TestRunner.Runner -->
